[2023-04-21T00:19:15Z] DEBUG    - Logging set up successfully
[2023-04-21T00:19:15Z] DEBUG    - Running generate: Namespace(version=False, subparser_name='generate', command=<function generate at 0x12182adc0>, verbose=0, endpoint_url=None, region='us-west-1', local_only=False, target_schemas=[])
[2023-04-21T00:19:15Z] DEBUG    - Root directory: /Volumes/workplace/QuickStart-Builds/quickstart-amazon-eks-cluster-resource-provider
[2023-04-21T00:19:15Z] DEBUG    - Loading project file '/Volumes/workplace/QuickStart-Builds/quickstart-amazon-eks-cluster-resource-provider/.rpdk-config'
[2023-04-21T00:19:15Z] INFO     - Validating your resource specification...
[2023-04-21T00:19:15Z] WARNING  - Explicitly specify value for tagging
[2023-04-21T00:19:15Z] DEBUG    - Rewriting refs in '<BASE>' (file:///Volumes/workplace/QuickStart-Builds/quickstart-amazon-eks-cluster-resource-provider/awsqs-eks-cluster.json)
[2023-04-21T00:19:15Z] WARNING  - Resource schema is valid.
[2023-04-21T00:19:15Z] INFO     - Validating your resource schema...
[2023-04-21T00:19:15Z] DEBUG    - Generate started
[2023-04-21T00:19:15Z] DEBUG    - Writing file: /Volumes/workplace/QuickStart-Builds/quickstart-amazon-eks-cluster-resource-provider/src/awsqs_eks_cluster/models.py
[2023-04-21T00:19:15Z] DEBUG    - Overwriting '/Volumes/workplace/QuickStart-Builds/quickstart-amazon-eks-cluster-resource-provider/src/awsqs_eks_cluster/models.py'
[2023-04-21T00:19:15Z] DEBUG    - Generate complete
[2023-04-21T00:19:15Z] DEBUG    - Removing generated docs: /Volumes/workplace/QuickStart-Builds/quickstart-amazon-eks-cluster-resource-provider/docs
[2023-04-21T00:19:15Z] DEBUG    - Writing generated docs
[2023-04-21T00:19:15Z] DEBUG    - Finished documenting nested properties
[2023-04-21T00:19:15Z] DEBUG    - Writing docs README: /Volumes/workplace/QuickStart-Builds/quickstart-amazon-eks-cluster-resource-provider/docs/README.md
[2023-04-21T00:19:16Z] WARNING  - Generated files for AWSQS::EKS::Cluster
[2023-04-21T00:19:16Z] DEBUG    - Finished generate
[2023-04-21T00:23:12Z] DEBUG    - Logging set up successfully
[2023-04-21T00:23:12Z] DEBUG    - Running test: Namespace(version=False, subparser_name='test', command=<function test at 0x122076af0>, verbose=0, endpoint='http://127.0.0.1:3001', function_name='TypeFunction', region='us-west-1', role_arn=None, cloudformation_endpoint_url=None, enforce_timeout='240', log_group_name=None, log_role_arn=None, passed_to_pytest=[], docker_image=None)
[2023-04-21T00:23:12Z] DEBUG    - Root directory: /Volumes/workplace/QuickStart-Builds/quickstart-amazon-eks-cluster-resource-provider
[2023-04-21T00:23:12Z] DEBUG    - Loading project file '/Volumes/workplace/QuickStart-Builds/quickstart-amazon-eks-cluster-resource-provider/.rpdk-config'
[2023-04-21T00:23:12Z] INFO     - Validating your resource specification...
[2023-04-21T00:23:12Z] WARNING  - Explicitly specify value for tagging
[2023-04-21T00:23:12Z] DEBUG    - Rewriting refs in '<BASE>' (file:///Volumes/workplace/QuickStart-Builds/quickstart-amazon-eks-cluster-resource-provider/awsqs-eks-cluster.json)
[2023-04-21T00:23:12Z] WARNING  - Resource schema is valid.
[2023-04-21T00:23:12Z] INFO     - Validating your resource schema...
[2023-04-21T00:23:12Z] DEBUG    - Override file '/Volumes/workplace/QuickStart-Builds/quickstart-amazon-eks-cluster-resource-provider/overrides.json' not found. No overrides will be applied
[2023-04-21T00:23:14Z] DEBUG    - Setup plugin for RESOURCE type
[2023-04-21T00:23:14Z] DEBUG    - temporary pytest.ini path: /var/folders/jz/nh095bm13075qgk2jvmllmh1ps5rp8/T/pytest_tvx6wtl1.ini
[2023-04-21T00:23:14Z] DEBUG    - pytest args: ['-c', '/private/var/folders/jz/nh095bm13075qgk2jvmllmh1ps5rp8/T/pytest_tvx6wtl1.ini', '-m', 'not create and not read and not update and not delete and not list and not create_pre_provision and not update_pre_provision and not delete_pre_provision']
[2023-04-21T00:23:15Z] DEBUG    - Finished test
[2023-04-21T00:24:22Z] DEBUG    - Logging set up successfully
[2023-04-21T00:24:22Z] DEBUG    - Running submit: Namespace(version=False, subparser_name='submit', command=<function submit at 0x11bc791f0>, verbose=0, dry_run=True, endpoint_url=None, region='us-west-1', set_default=False, role_arn=None, use_role=True)
[2023-04-21T00:24:22Z] DEBUG    - Root directory: /Volumes/workplace/QuickStart-Builds/quickstart-amazon-eks-cluster-resource-provider
[2023-04-21T00:24:22Z] DEBUG    - Loading project file '/Volumes/workplace/QuickStart-Builds/quickstart-amazon-eks-cluster-resource-provider/.rpdk-config'
[2023-04-21T00:24:22Z] INFO     - Validating your resource specification...
[2023-04-21T00:24:22Z] WARNING  - Explicitly specify value for tagging
[2023-04-21T00:24:22Z] DEBUG    - Rewriting refs in '<BASE>' (file:///Volumes/workplace/QuickStart-Builds/quickstart-amazon-eks-cluster-resource-provider/awsqs-eks-cluster.json)
[2023-04-21T00:24:22Z] WARNING  - Resource schema is valid.
[2023-04-21T00:24:22Z] INFO     - Validating your resource schema...
[2023-04-21T00:24:22Z] DEBUG    - inputs not found. Not writing to package.
[2023-04-21T00:24:22Z] DEBUG    - Package started
[2023-04-21T00:24:22Z] DEBUG    - Removing '/Volumes/workplace/QuickStart-Builds/quickstart-amazon-eks-cluster-resource-provider/build' folder.
[2023-04-21T00:24:22Z] DEBUG    - Dependencies build started from '/Volumes/workplace/QuickStart-Builds/quickstart-amazon-eks-cluster-resource-provider'
[2023-04-21T00:24:22Z] DEBUG    - command is '/bin/bash -c "pip install --no-cache-dir --no-color --disable-pip-version-check --upgrade --requirement /project/requirements.txt --target /project/build"'
[2023-04-21T00:24:22Z] WARNING  - Starting Docker build. This may take several minutes if the image 'public.ecr.aws/sam/build-python3.9' needs to be pulled first.
[2023-04-21T00:24:22Z] DEBUG    - Trying paths: ['/Users/ameighta/.docker/config.json', '/Users/ameighta/.dockercfg']
[2023-04-21T00:24:22Z] DEBUG    - Found file at path: /Users/ameighta/.docker/config.json
[2023-04-21T00:24:22Z] DEBUG    - Found 'auths' section
[2023-04-21T00:24:22Z] DEBUG    - Auth data for 213747939285.dkr.ecr.us-west-2.amazonaws.com is absent. Client might be using a credentials store instead.
[2023-04-21T00:24:22Z] DEBUG    - Auth data for 381428166497.dkr.ecr.us-west-2.amazonaws.com is absent. Client might be using a credentials store instead.
[2023-04-21T00:24:22Z] DEBUG    - Auth data for 424093660096.dkr.ecr.us-west-2.amazonaws.com is absent. Client might be using a credentials store instead.
[2023-04-21T00:24:22Z] DEBUG    - Auth data for 519521588520.dkr.ecr.us-west-2.amazonaws.com is absent. Client might be using a credentials store instead.
[2023-04-21T00:24:22Z] DEBUG    - Auth data for 664889947354.dkr.ecr.us-west-2.amazonaws.com is absent. Client might be using a credentials store instead.
[2023-04-21T00:24:22Z] DEBUG    - Auth data for 952624265131.dkr.ecr.us-west-2.amazonaws.com is absent. Client might be using a credentials store instead.
[2023-04-21T00:24:22Z] DEBUG    - Auth data for https://index.docker.io/v1/ is absent. Client might be using a credentials store instead.
[2023-04-21T00:24:22Z] DEBUG    - Found 'credsStore' section
[2023-04-21T00:25:33Z] DEBUG    - Build running. Output:
[2023-04-21T00:25:33Z] DEBUG    - Collecting cloudformation-cli-python-lib>=2.1.9
[2023-04-21T00:25:33Z] DEBUG    -   Downloading cloudformation_cli_python_lib-2.1.16-py3-none-any.whl (25 kB)
[2023-04-21T00:25:33Z] DEBUG    - Collecting boto3>=1.10.20
[2023-04-21T00:25:33Z] DEBUG    -   Downloading boto3-1.26.117-py3-none-any.whl (135 kB)
[2023-04-21T00:25:33Z] DEBUG    -      ━━━━━━━━━━━━━━━━━━━━━━━━━━━━━━━━━━━━━━━ 135.6/135.6 KB 2.3 MB/s eta 0:00:00
[2023-04-21T00:25:33Z] DEBUG    - Collecting aws-encryption-sdk==3.1.1
[2023-04-21T00:25:33Z] DEBUG    -   Downloading aws_encryption_sdk-3.1.1-py2.py3-none-any.whl (99 kB)
[2023-04-21T00:25:33Z] DEBUG    -      ━━━━━━━━━━━━━━━━━━━━━━━━━━━━━━━━━━━━━━━━ 99.1/99.1 KB 2.7 MB/s eta 0:00:00
[2023-04-21T00:25:33Z] DEBUG    - Collecting attrs>=17.4.0
[2023-04-21T00:25:33Z] DEBUG    -   Downloading attrs-23.1.0-py3-none-any.whl (61 kB)
[2023-04-21T00:25:33Z] DEBUG    -      ━━━━━━━━━━━━━━━━━━━━━━━━━━━━━━━━━━━━━━━━ 61.2/61.2 KB 61.2 MB/s eta 0:00:00
[2023-04-21T00:25:33Z] DEBUG    - Collecting wrapt>=1.10.11
[2023-04-21T00:25:33Z] DEBUG    -   Downloading wrapt-1.15.0-cp39-cp39-manylinux_2_5_x86_64.manylinux1_x86_64.manylinux_2_17_x86_64.manylinux2014_x86_64.whl (78 kB)
[2023-04-21T00:25:33Z] DEBUG    -      ━━━━━━━━━━━━━━━━━━━━━━━━━━━━━━━━━━━━━━━━ 78.3/78.3 KB 1.1 MB/s eta 0:00:00
[2023-04-21T00:25:33Z] DEBUG    - Collecting cryptography>=2.5.0
[2023-04-21T00:25:33Z] DEBUG    -   Downloading cryptography-40.0.2-cp36-abi3-manylinux_2_17_x86_64.manylinux2014_x86_64.whl (3.7 MB)
[2023-04-21T00:25:33Z] DEBUG    -      ━━━━━━━━━━━━━━━━━━━━━━━━━━━━━━━━━━━━━━━━ 3.7/3.7 MB 929.1 kB/s eta 0:00:00
[2023-04-21T00:25:33Z] DEBUG    - Collecting jmespath<2.0.0,>=0.7.1
[2023-04-21T00:25:33Z] DEBUG    -   Downloading jmespath-1.0.1-py3-none-any.whl (20 kB)
[2023-04-21T00:25:33Z] DEBUG    - Collecting s3transfer<0.7.0,>=0.6.0
[2023-04-21T00:25:33Z] DEBUG    -   Downloading s3transfer-0.6.0-py3-none-any.whl (79 kB)
[2023-04-21T00:25:33Z] DEBUG    -      ━━━━━━━━━━━━━━━━━━━━━━━━━━━━━━━━━━━━━━━━ 79.6/79.6 KB 1.0 MB/s eta 0:00:00
[2023-04-21T00:25:33Z] DEBUG    - Collecting botocore<1.30.0,>=1.29.117
[2023-04-21T00:25:33Z] DEBUG    -   Downloading botocore-1.29.117-py3-none-any.whl (10.7 MB)
[2023-04-21T00:25:33Z] DEBUG    -      ━━━━━━━━━━━━━━━━━━━━━━━━━━━━━━━━━━━━━━━ 10.7/10.7 MB 855.6 kB/s eta 0:00:00
[2023-04-21T00:25:33Z] DEBUG    - Collecting urllib3<1.27,>=1.25.4
[2023-04-21T00:25:33Z] DEBUG    -   Downloading urllib3-1.26.15-py2.py3-none-any.whl (140 kB)
[2023-04-21T00:25:33Z] DEBUG    -      ━━━━━━━━━━━━━━━━━━━━━━━━━━━━━━━━━━━━━ 140.9/140.9 KB 253.8 kB/s eta 0:00:00
[2023-04-21T00:25:33Z] DEBUG    - Collecting python-dateutil<3.0.0,>=2.1
[2023-04-21T00:25:33Z] DEBUG    -   Downloading python_dateutil-2.8.2-py2.py3-none-any.whl (247 kB)
[2023-04-21T00:25:33Z] DEBUG    -      ━━━━━━━━━━━━━━━━━━━━━━━━━━━━━━━━━━━━━ 247.7/247.7 KB 414.6 kB/s eta 0:00:00
[2023-04-21T00:25:33Z] DEBUG    - Collecting cffi>=1.12
[2023-04-21T00:25:33Z] DEBUG    -   Downloading cffi-1.15.1-cp39-cp39-manylinux_2_17_x86_64.manylinux2014_x86_64.whl (441 kB)
[2023-04-21T00:25:33Z] DEBUG    -      ━━━━━━━━━━━━━━━━━━━━━━━━━━━━━━━━━━━━━ 441.2/441.2 KB 293.1 kB/s eta 0:00:00
[2023-04-21T00:25:33Z] DEBUG    - Collecting pycparser
[2023-04-21T00:25:33Z] DEBUG    -   Downloading pycparser-2.21-py2.py3-none-any.whl (118 kB)
[2023-04-21T00:25:33Z] DEBUG    -      ━━━━━━━━━━━━━━━━━━━━━━━━━━━━━━━━━━━━━ 118.7/118.7 KB 406.6 kB/s eta 0:00:00
[2023-04-21T00:25:33Z] DEBUG    - Collecting six>=1.5
[2023-04-21T00:25:33Z] DEBUG    -   Downloading six-1.16.0-py2.py3-none-any.whl (11 kB)
[2023-04-21T00:25:33Z] DEBUG    - Installing collected packages: wrapt, urllib3, six, pycparser, jmespath, attrs, python-dateutil, cffi, cryptography, botocore, s3transfer, boto3, aws-encryption-sdk, cloudformation-cli-python-lib
[2023-04-21T00:25:33Z] DEBUG    - Successfully installed attrs-23.1.0 aws-encryption-sdk-3.1.1 boto3-1.26.117 botocore-1.29.117 cffi-1.15.1 cloudformation-cli-python-lib-2.1.16 cryptography-40.0.2 jmespath-1.0.1 pycparser-2.21 python-dateutil-2.8.2 s3transfer-0.6.0 six-1.16.0 urllib3-1.26.15 wrapt-1.15.0
[2023-04-21T00:25:33Z] DEBUG    - Dependencies build finished
[2023-04-21T00:25:35Z] DEBUG    - Package complete
[2023-04-21T00:25:35Z] DEBUG    - overrides.json not found. Not writing to package.
[2023-04-21T00:25:35Z] ERROR    - Dry run complete: /Volumes/workplace/QuickStart-Builds/quickstart-amazon-eks-cluster-resource-provider/awsqs-eks-cluster.zip
[2023-04-21T00:25:35Z] DEBUG    - Finished submit
[2023-04-21T00:26:17Z] DEBUG    - Logging set up successfully
[2023-04-21T00:26:17Z] DEBUG    - Running submit: Namespace(version=False, subparser_name='submit', command=<function submit at 0x119c3e1f0>, verbose=0, dry_run=False, endpoint_url=None, region='us-west-1', set_default=True, role_arn=None, use_role=True)
[2023-04-21T00:26:17Z] DEBUG    - Root directory: /Volumes/workplace/QuickStart-Builds/quickstart-amazon-eks-cluster-resource-provider
[2023-04-21T00:26:17Z] DEBUG    - Loading project file '/Volumes/workplace/QuickStart-Builds/quickstart-amazon-eks-cluster-resource-provider/.rpdk-config'
[2023-04-21T00:26:17Z] INFO     - Validating your resource specification...
[2023-04-21T00:26:17Z] WARNING  - Explicitly specify value for tagging
[2023-04-21T00:26:17Z] DEBUG    - Rewriting refs in '<BASE>' (file:///Volumes/workplace/QuickStart-Builds/quickstart-amazon-eks-cluster-resource-provider/awsqs-eks-cluster.json)
[2023-04-21T00:26:17Z] WARNING  - Resource schema is valid.
[2023-04-21T00:26:17Z] INFO     - Validating your resource schema...
[2023-04-21T00:26:17Z] DEBUG    - inputs not found. Not writing to package.
[2023-04-21T00:26:17Z] DEBUG    - Package started
[2023-04-21T00:26:17Z] DEBUG    - Removing '/Volumes/workplace/QuickStart-Builds/quickstart-amazon-eks-cluster-resource-provider/build' folder.
[2023-04-21T00:26:17Z] DEBUG    - Dependencies build started from '/Volumes/workplace/QuickStart-Builds/quickstart-amazon-eks-cluster-resource-provider'
[2023-04-21T00:26:17Z] DEBUG    - command is '/bin/bash -c "pip install --no-cache-dir --no-color --disable-pip-version-check --upgrade --requirement /project/requirements.txt --target /project/build"'
[2023-04-21T00:26:17Z] WARNING  - Starting Docker build. This may take several minutes if the image 'public.ecr.aws/sam/build-python3.9' needs to be pulled first.
[2023-04-21T00:26:17Z] DEBUG    - Trying paths: ['/Users/ameighta/.docker/config.json', '/Users/ameighta/.dockercfg']
[2023-04-21T00:26:17Z] DEBUG    - Found file at path: /Users/ameighta/.docker/config.json
[2023-04-21T00:26:17Z] DEBUG    - Found 'auths' section
[2023-04-21T00:26:17Z] DEBUG    - Auth data for 213747939285.dkr.ecr.us-west-2.amazonaws.com is absent. Client might be using a credentials store instead.
[2023-04-21T00:26:17Z] DEBUG    - Auth data for 381428166497.dkr.ecr.us-west-2.amazonaws.com is absent. Client might be using a credentials store instead.
[2023-04-21T00:26:17Z] DEBUG    - Auth data for 424093660096.dkr.ecr.us-west-2.amazonaws.com is absent. Client might be using a credentials store instead.
[2023-04-21T00:26:17Z] DEBUG    - Auth data for 519521588520.dkr.ecr.us-west-2.amazonaws.com is absent. Client might be using a credentials store instead.
[2023-04-21T00:26:17Z] DEBUG    - Auth data for 664889947354.dkr.ecr.us-west-2.amazonaws.com is absent. Client might be using a credentials store instead.
[2023-04-21T00:26:17Z] DEBUG    - Auth data for 952624265131.dkr.ecr.us-west-2.amazonaws.com is absent. Client might be using a credentials store instead.
[2023-04-21T00:26:17Z] DEBUG    - Auth data for https://index.docker.io/v1/ is absent. Client might be using a credentials store instead.
[2023-04-21T00:26:17Z] DEBUG    - Found 'credsStore' section
[2023-04-21T00:27:28Z] DEBUG    - Build running. Output:
[2023-04-21T00:27:28Z] DEBUG    - Collecting cloudformation-cli-python-lib>=2.1.9
[2023-04-21T00:27:28Z] DEBUG    -   Downloading cloudformation_cli_python_lib-2.1.16-py3-none-any.whl (25 kB)
[2023-04-21T00:27:28Z] DEBUG    - Collecting aws-encryption-sdk==3.1.1
[2023-04-21T00:27:28Z] DEBUG    -   Downloading aws_encryption_sdk-3.1.1-py2.py3-none-any.whl (99 kB)
[2023-04-21T00:27:28Z] DEBUG    -      ━━━━━━━━━━━━━━━━━━━━━━━━━━━━━━━━━━━━━━━ 99.1/99.1 KB 446.5 kB/s eta 0:00:00
[2023-04-21T00:27:28Z] DEBUG    - Collecting boto3>=1.10.20
[2023-04-21T00:27:28Z] DEBUG    -   Downloading boto3-1.26.117-py3-none-any.whl (135 kB)
[2023-04-21T00:27:28Z] DEBUG    -      ━━━━━━━━━━━━━━━━━━━━━━━━━━━━━━━━━━━━━ 135.6/135.6 KB 563.8 kB/s eta 0:00:00
[2023-04-21T00:27:28Z] DEBUG    - Collecting cryptography>=2.5.0
[2023-04-21T00:27:28Z] DEBUG    -   Downloading cryptography-40.0.2-cp36-abi3-manylinux_2_17_x86_64.manylinux2014_x86_64.whl (3.7 MB)
[2023-04-21T00:27:28Z] DEBUG    -      ━━━━━━━━━━━━━━━━━━━━━━━━━━━━━━━━━━━━━━━━ 3.7/3.7 MB 862.2 kB/s eta 0:00:00
[2023-04-21T00:27:28Z] DEBUG    - Collecting wrapt>=1.10.11
[2023-04-21T00:27:28Z] DEBUG    -   Downloading wrapt-1.15.0-cp39-cp39-manylinux_2_5_x86_64.manylinux1_x86_64.manylinux_2_17_x86_64.manylinux2014_x86_64.whl (78 kB)
[2023-04-21T00:27:28Z] DEBUG    -      ━━━━━━━━━━━━━━━━━━━━━━━━━━━━━━━━━━━━━━━━ 78.3/78.3 KB 1.2 MB/s eta 0:00:00
[2023-04-21T00:27:28Z] DEBUG    - Collecting attrs>=17.4.0
[2023-04-21T00:27:28Z] DEBUG    -   Downloading attrs-23.1.0-py3-none-any.whl (61 kB)
[2023-04-21T00:27:28Z] DEBUG    -      ━━━━━━━━━━━━━━━━━━━━━━━━━━━━━━━━━━━━━━━━ 61.2/61.2 KB 1.6 MB/s eta 0:00:00
[2023-04-21T00:27:28Z] DEBUG    - Collecting s3transfer<0.7.0,>=0.6.0
[2023-04-21T00:27:28Z] DEBUG    -   Downloading s3transfer-0.6.0-py3-none-any.whl (79 kB)
[2023-04-21T00:27:28Z] DEBUG    -      ━━━━━━━━━━━━━━━━━━━━━━━━━━━━━━━━━━━━━━━━ 79.6/79.6 KB 1.6 MB/s eta 0:00:00
[2023-04-21T00:27:28Z] DEBUG    - Collecting jmespath<2.0.0,>=0.7.1
[2023-04-21T00:27:28Z] DEBUG    -   Downloading jmespath-1.0.1-py3-none-any.whl (20 kB)
[2023-04-21T00:27:28Z] DEBUG    - Collecting botocore<1.30.0,>=1.29.117
[2023-04-21T00:27:28Z] DEBUG    -   Downloading botocore-1.29.117-py3-none-any.whl (10.7 MB)
[2023-04-21T00:27:28Z] DEBUG    -      ━━━━━━━━━━━━━━━━━━━━━━━━━━━━━━━━━━━━━━━ 10.7/10.7 MB 566.1 kB/s eta 0:00:00
[2023-04-21T00:27:28Z] DEBUG    - Collecting python-dateutil<3.0.0,>=2.1
[2023-04-21T00:27:28Z] DEBUG    -   Downloading python_dateutil-2.8.2-py2.py3-none-any.whl (247 kB)
[2023-04-21T00:27:28Z] DEBUG    -      ━━━━━━━━━━━━━━━━━━━━━━━━━━━━━━━━━━━━━ 247.7/247.7 KB 419.9 kB/s eta 0:00:00
[2023-04-21T00:27:28Z] DEBUG    - Collecting urllib3<1.27,>=1.25.4
[2023-04-21T00:27:28Z] DEBUG    -   Downloading urllib3-1.26.15-py2.py3-none-any.whl (140 kB)
[2023-04-21T00:27:28Z] DEBUG    -      ━━━━━━━━━━━━━━━━━━━━━━━━━━━━━━━━━━━━━ 140.9/140.9 KB 608.8 kB/s eta 0:00:00
[2023-04-21T00:27:28Z] DEBUG    - Collecting cffi>=1.12
[2023-04-21T00:27:28Z] DEBUG    -   Downloading cffi-1.15.1-cp39-cp39-manylinux_2_17_x86_64.manylinux2014_x86_64.whl (441 kB)
[2023-04-21T00:27:28Z] DEBUG    -      ━━━━━━━━━━━━━━━━━━━━━━━━━━━━━━━━━━━━━ 441.2/441.2 KB 666.1 kB/s eta 0:00:00
[2023-04-21T00:27:28Z] DEBUG    - Collecting pycparser
[2023-04-21T00:27:28Z] DEBUG    -   Downloading pycparser-2.21-py2.py3-none-any.whl (118 kB)
[2023-04-21T00:27:28Z] DEBUG    -      ━━━━━━━━━━━━━━━━━━━━━━━━━━━━━━━━━━━━━ 118.7/118.7 KB 946.5 kB/s eta 0:00:00
[2023-04-21T00:27:28Z] DEBUG    - Collecting six>=1.5
[2023-04-21T00:27:28Z] DEBUG    -   Downloading six-1.16.0-py2.py3-none-any.whl (11 kB)
[2023-04-21T00:27:28Z] DEBUG    - Installing collected packages: wrapt, urllib3, six, pycparser, jmespath, attrs, python-dateutil, cffi, cryptography, botocore, s3transfer, boto3, aws-encryption-sdk, cloudformation-cli-python-lib
[2023-04-21T00:27:28Z] DEBUG    - Successfully installed attrs-23.1.0 aws-encryption-sdk-3.1.1 boto3-1.26.117 botocore-1.29.117 cffi-1.15.1 cloudformation-cli-python-lib-2.1.16 cryptography-40.0.2 jmespath-1.0.1 pycparser-2.21 python-dateutil-2.8.2 s3transfer-0.6.0 six-1.16.0 urllib3-1.26.15 wrapt-1.15.0
[2023-04-21T00:27:28Z] DEBUG    - Dependencies build finished
[2023-04-21T00:27:30Z] DEBUG    - Package complete
[2023-04-21T00:27:30Z] DEBUG    - overrides.json not found. Not writing to package.
[2023-04-21T00:27:30Z] DEBUG    - Packaging complete, uploading...
[2023-04-21T00:27:31Z] DEBUG    - Uploading to region 'us-west-1'
[2023-04-21T00:27:33Z] INFO     - Creating CloudFormationManagedUploadInfrastructure
[2023-04-21T00:27:33Z] INFO     - CloudFormationManagedUploadInfrastructure already exists. Attempting to update
[2023-04-21T00:27:33Z] INFO     - CloudFormationManagedUploadInfrastructure stack is up to date
[2023-04-21T00:27:34Z] DEBUG    - Uploading to 'cloudformationmanageduploadinfrast-artifactbucket-hvs13jqmcrj7/awsqs-eks-cluster-2023-04-21T00-27-34.zip'...
[2023-04-21T00:28:32Z] DEBUG    - Upload complete
[2023-04-21T00:28:32Z] DEBUG    - Got S3 URL: s3://cloudformationmanageduploadinfrast-artifactbucket-hvs13jqmcrj7/awsqs-eks-cluster-2023-04-21T00-27-34.zip
[2023-04-21T00:28:32Z] DEBUG    - Got Log Role: arn:aws:iam::336362434857:role/CloudFormationManagedUplo-LogAndMetricsDeliveryRol-E9SKL4YK0V45
[2023-04-21T00:28:32Z] WARNING  - Successfully submitted type. Waiting for registration with token '45b95ff0-c3ec-446c-bbd1-066855bc024e' to complete.
[2023-04-21T00:29:34Z] WARNING  - Registration complete.
[2023-04-21T00:29:34Z] WARNING  - {'ProgressStatus': 'COMPLETE', 'Description': 'Deployment is currently in DEPLOY_STAGE of status COMPLETED - [WARNING] Readiness Review SKIPPED:', 'TypeArn': 'arn:aws:cloudformation:us-west-1:336362434857:type/resource/AWSQS-EKS-Cluster', 'TypeVersionArn': 'arn:aws:cloudformation:us-west-1:336362434857:type/resource/AWSQS-EKS-Cluster/00000023', 'ResponseMetadata': {'RequestId': '32e3d9ba-441e-4ee5-96fc-4a63205304f4', 'HTTPStatusCode': 200, 'HTTPHeaders': {'x-amzn-requestid': '32e3d9ba-441e-4ee5-96fc-4a63205304f4', 'date': 'Fri, 21 Apr 2023 00:29:34 GMT', 'content-type': 'text/xml', 'content-length': '709'}, 'RetryAttempts': 0}}
[2023-04-21T00:29:35Z] WARNING  - Set default version to 'arn:aws:cloudformation:us-west-1:336362434857:type/resource/AWSQS-EKS-Cluster/00000023
[2023-04-21T00:29:35Z] DEBUG    - Finished submit
[2023-04-21T14:57:08Z] DEBUG    - Logging set up successfully
[2023-04-21T14:57:08Z] DEBUG    - Running None: Namespace(version=True, subparser_name=None, command=<function main.<locals>.no_command at 0x121df2550>, verbose=0)
[2023-04-21T14:57:08Z] DEBUG    - Finished None
